Arguments: 
  /usr/local/bin/node /usr/local/bin/yarn add react-native-safe-area-view react-native-safe-area-context.

PATH: 
  /Users/ovidiupopa/.rbenv/shims:/usr/local/bin:/System/Cryptexes/App/usr/bin:/usr/bin:/bin:/usr/sbin:/sbin:/Library/Apple/usr/bin

Yarn version: 
  1.22.19

Node version: 
  14.21.2

Platform: 
  darwin x64

Trace: 
  Error: https://registry.yarnpkg.com/react-native-safe-area-context.: Not found
      at Request.params.callback [as _callback] (/usr/local/lib/node_modules/yarn/lib/cli.js:66145:18)
      at Request.self.callback (/usr/local/lib/node_modules/yarn/lib/cli.js:140890:22)
      at Request.emit (events.js:400:28)
      at Request.<anonymous> (/usr/local/lib/node_modules/yarn/lib/cli.js:141862:10)
      at Request.emit (events.js:400:28)
      at IncomingMessage.<anonymous> (/usr/local/lib/node_modules/yarn/lib/cli.js:141784:12)
      at Object.onceWrapper (events.js:519:28)
      at IncomingMessage.emit (events.js:412:35)
      at endReadableNT (internal/streams/readable.js:1333:12)
      at processTicksAndRejections (internal/process/task_queues.js:82:21)

npm manifest: 
  {
    "name": "testapp",
    "version": "1.0.0",
    "main": "node_modules/expo/AppEntry.js",
    "scripts": {
      "start": "expo start --tunnel",
      "android": "expo start --android",
      "ios": "expo start --ios",
      "web": "expo start --web"
    },
    "dependencies": {
      "@expo/ngrok": "^4.1.0",
      "@react-native-async-storage/async-storage": "^1.17.11",
      "@react-native-community/datetimepicker": "6.5.2",
      "@react-navigation/bottom-tabs": "^6.5.2",
      "@react-navigation/native": "^6.1.1",
      "@react-navigation/native-stack": "^6.9.6",
      "expo": "~47.0.8",
      "expo-status-bar": "~1.4.2",
      "jwt-decode": "^3.1.2",
      "native-require": "^1.1.4",
      "react": "18.1.0",
      "react-native": "0.70.5",
      "react-native-calendars": "^1.1292.0",
      "react-native-date-picker": "^4.2.6",
      "react-native-dropdown-picker": "^5.4.3",
      "yarn": "^1.22.19"
    },
    "devDependencies": {
      "@babel/core": "^7.12.9",
      "@tsconfig/react-native": "^2.0.3",
      "@types/jest": "^29.2.4",
      "@types/node": "^18.11.13",
      "@types/react": "^18.0.26",
      "@types/react-native": "^0.70.8",
      "@types/react-test-renderer": "^18.0.0",
      "typescript": "^4.9.4"
    },
    "private": true
  }

yarn manifest: 
  No manifest

Lockfile: 
  No lockfile
